<?xml version="1.0" encoding="UTF-8"?>
<!-- Generated by org.testng.reporters.JUnitReportReporter -->
<testsuite hostname="LAPTOP-OO0DI5VI" failures="0" tests="4" name="api.test.UserTests2" time="15.906" errors="0" timestamp="2025-09-19T23:07:27 IST" skipped="0">
  <testcase classname="api.test.UserTests2" name="testPostUser" time="2.769"/>
  <testcase classname="api.test.UserTests2" name="testGetUser" time="4.736"/>
  <testcase classname="api.test.UserTests2" name="testUpdateUser" time="5.723"/>
  <testcase classname="api.test.UserTests2" name="testdeleteByName" time="2.678"/>
</testsuite> <!-- api.test.UserTests2 -->
